{"/home/guisilvadev/terceiro-sem/desenv-frontend/trabalho-frontend/src/services/api-jogos.js": {"path":"/home/guisilvadev/terceiro-sem/desenv-frontend/trabalho-frontend/src/services/api-jogos.js","statementMap":{"0":{"start":{"line":1,"column":16},"end":{"line":1,"column":null}},"1":{"start":{"line":4,"column":4},"end":{"line":15,"column":null}},"2":{"start":{"line":5,"column":22},"end":{"line":5,"column":38}},"3":{"start":{"line":6,"column":36},"end":{"line":6,"column":56}},"4":{"start":{"line":7,"column":31},"end":{"line":7,"column":100}},"5":{"start":{"line":7,"column":50},"end":{"line":7,"column":100}},"6":{"start":{"line":8,"column":8},"end":{"line":11,"column":null}},"7":{"start":{"line":9,"column":12},"end":{"line":9,"column":null}},"8":{"start":{"line":11,"column":12},"end":{"line":11,"column":null}},"9":{"start":{"line":14,"column":8},"end":{"line":14,"column":null}},"10":{"start":{"line":15,"column":8},"end":{"line":15,"column":null}},"11":{"start":{"line":21,"column":32},"end":{"line":21,"column":52}},"12":{"start":{"line":22,"column":4},"end":{"line":24,"column":null}},"13":{"start":{"line":23,"column":8},"end":{"line":24,"column":null}},"14":{"start":{"line":24,"column":12},"end":{"line":24,"column":null}},"15":{"start":{"line":27,"column":4},"end":{"line":27,"column":null}},"16":{"start":{"line":31,"column":4},"end":{"line":37,"column":null}},"17":{"start":{"line":32,"column":25},"end":{"line":32,"column":45}},"18":{"start":{"line":33,"column":8},"end":{"line":33,"column":null}},"19":{"start":{"line":36,"column":8},"end":{"line":36,"column":null}},"20":{"start":{"line":37,"column":8},"end":{"line":37,"column":null}},"21":{"start":{"line":42,"column":4},"end":{"line":47,"column":null}},"22":{"start":{"line":43,"column":25},"end":{"line":43,"column":86}},"23":{"start":{"line":43,"column":70},"end":{"line":43,"column":85}},"24":{"start":{"line":44,"column":8},"end":{"line":44,"column":null}},"25":{"start":{"line":46,"column":8},"end":{"line":46,"column":null}},"26":{"start":{"line":47,"column":8},"end":{"line":47,"column":null}},"27":{"start":{"line":52,"column":4},"end":{"line":71,"column":null}},"28":{"start":{"line":53,"column":8},"end":{"line":54,"column":null}},"29":{"start":{"line":54,"column":12},"end":{"line":54,"column":null}},"30":{"start":{"line":57,"column":25},"end":{"line":63,"column":10}},"31":{"start":{"line":66,"column":21},"end":{"line":66,"column":42}},"32":{"start":{"line":67,"column":8},"end":{"line":67,"column":null}},"33":{"start":{"line":68,"column":8},"end":{"line":68,"column":null}},"34":{"start":{"line":70,"column":8},"end":{"line":70,"column":null}},"35":{"start":{"line":71,"column":8},"end":{"line":71,"column":null}},"36":{"start":{"line":76,"column":4},"end":{"line":83,"column":null}},"37":{"start":{"line":77,"column":19},"end":{"line":77,"column":52}},"38":{"start":{"line":78,"column":8},"end":{"line":80,"column":null}},"39":{"start":{"line":82,"column":8},"end":{"line":82,"column":null}},"40":{"start":{"line":83,"column":8},"end":{"line":83,"column":null}},"41":{"start":{"line":88,"column":19},"end":{"line":92,"column":4}},"42":{"start":{"line":93,"column":2},"end":{"line":93,"column":null}},"43":{"start":{"line":93,"column":20},"end":{"line":93,"column":null}},"44":{"start":{"line":94,"column":2},"end":{"line":94,"column":null}},"45":{"start":{"line":98,"column":19},"end":{"line":102,"column":4}},"46":{"start":{"line":104,"column":2},"end":{"line":104,"column":null}},"47":{"start":{"line":105,"column":2},"end":{"line":105,"column":null}},"48":{"start":{"line":107,"column":2},"end":{"line":107,"column":null}},"49":{"start":{"line":107,"column":20},"end":{"line":107,"column":null}},"50":{"start":{"line":108,"column":2},"end":{"line":108,"column":null}}},"fnMap":{"0":{"name":"mostrarIdPeloTitulo","decl":{"start":{"line":3,"column":22},"end":{"line":3,"column":42}},"loc":{"start":{"line":3,"column":50},"end":{"line":15,"column":null}},"line":3},"1":{"name":"(anonymous_1)","decl":{"start":{"line":7,"column":37},"end":{"line":7,"column":42}},"loc":{"start":{"line":7,"column":50},"end":{"line":7,"column":100}},"line":7},"2":{"name":"procurarJogoPorTitulo","decl":{"start":{"line":19,"column":16},"end":{"line":19,"column":38}},"loc":{"start":{"line":19,"column":53},"end":{"line":27,"column":null}},"line":19},"3":{"name":"getJogos","decl":{"start":{"line":30,"column":22},"end":{"line":30,"column":32}},"loc":{"start":{"line":30,"column":32},"end":{"line":37,"column":null}},"line":30},"4":{"name":"getJogoById","decl":{"start":{"line":41,"column":22},"end":{"line":41,"column":34}},"loc":{"start":{"line":41,"column":37},"end":{"line":47,"column":null}},"line":41},"5":{"name":"(anonymous_5)","decl":{"start":{"line":43,"column":51},"end":{"line":43,"column":57}},"loc":{"start":{"line":43,"column":70},"end":{"line":43,"column":85}},"line":43},"6":{"name":"addJogo","decl":{"start":{"line":51,"column":22},"end":{"line":51,"column":30}},"loc":{"start":{"line":51,"column":35},"end":{"line":71,"column":null}},"line":51},"7":{"name":"deleteJogo","decl":{"start":{"line":75,"column":22},"end":{"line":75,"column":33}},"loc":{"start":{"line":75,"column":41},"end":{"line":83,"column":null}},"line":75},"8":{"name":"atualizarJogo","decl":{"start":{"line":87,"column":22},"end":{"line":87,"column":36}},"loc":{"start":{"line":87,"column":47},"end":{"line":94,"column":null}},"line":87},"9":{"name":"registrarAluguel","decl":{"start":{"line":97,"column":22},"end":{"line":97,"column":39}},"loc":{"start":{"line":97,"column":60},"end":{"line":108,"column":null}},"line":97}},"branchMap":{"0":{"loc":{"start":{"line":8,"column":8},"end":{"line":11,"column":null}},"type":"if","locations":[{"start":{"line":8,"column":8},"end":{"line":11,"column":null}},{"start":{"line":10,"column":15},"end":{"line":11,"column":null}}],"line":8},"1":{"loc":{"start":{"line":23,"column":8},"end":{"line":24,"column":null}},"type":"if","locations":[{"start":{"line":23,"column":8},"end":{"line":24,"column":null}},{"start":{},"end":{}}],"line":23},"2":{"loc":{"start":{"line":53,"column":8},"end":{"line":54,"column":null}},"type":"if","locations":[{"start":{"line":53,"column":8},"end":{"line":54,"column":null}},{"start":{},"end":{}}],"line":53},"3":{"loc":{"start":{"line":93,"column":2},"end":{"line":93,"column":null}},"type":"if","locations":[{"start":{"line":93,"column":2},"end":{"line":93,"column":null}},{"start":{},"end":{}}],"line":93},"4":{"loc":{"start":{"line":107,"column":2},"end":{"line":107,"column":null}},"type":"if","locations":[{"start":{"line":107,"column":2},"end":{"line":107,"column":null}},{"start":{},"end":{}}],"line":107}},"s":{"0":1,"1":5,"2":5,"3":5,"4":5,"5":7,"6":5,"7":3,"8":2,"9":2,"10":2,"11":5,"12":5,"13":5,"14":3,"15":2,"16":10,"17":10,"18":9,"19":1,"20":1,"21":2,"22":2,"23":1,"24":2,"25":1,"26":1,"27":2,"28":2,"29":1,"30":1,"31":1,"32":1,"33":1,"34":0,"35":0,"36":2,"37":2,"38":1,"39":1,"40":1,"41":2,"42":2,"43":1,"44":1,"45":2,"46":2,"47":2,"48":2,"49":1,"50":1},"f":{"0":5,"1":7,"2":5,"3":10,"4":2,"5":1,"6":2,"7":2,"8":2,"9":2},"b":{"0":[3,2],"1":[3,2],"2":[1,1],"3":[1,1],"4":[1,1]},"meta":{"lastBranch":5,"lastFunction":10,"lastStatement":51,"seen":{"s:1:16:1:Infinity":0,"f:3:22:3:42":0,"s:4:4:15:Infinity":1,"s:5:22:5:38":2,"s:6:36:6:56":3,"s:7:31:7:100":4,"f:7:37:7:42":1,"s:7:50:7:100":5,"b:8:8:11:Infinity:10:15:11:Infinity":0,"s:8:8:11:Infinity":6,"s:9:12:9:Infinity":7,"s:11:12:11:Infinity":8,"s:14:8:14:Infinity":9,"s:15:8:15:Infinity":10,"f:19:16:19:38":2,"s:21:32:21:52":11,"s:22:4:24:Infinity":12,"b:23:8:24:Infinity:undefined:undefined:undefined:undefined":1,"s:23:8:24:Infinity":13,"s:24:12:24:Infinity":14,"s:27:4:27:Infinity":15,"f:30:22:30:32":3,"s:31:4:37:Infinity":16,"s:32:25:32:45":17,"s:33:8:33:Infinity":18,"s:36:8:36:Infinity":19,"s:37:8:37:Infinity":20,"f:41:22:41:34":4,"s:42:4:47:Infinity":21,"s:43:25:43:86":22,"f:43:51:43:57":5,"s:43:70:43:85":23,"s:44:8:44:Infinity":24,"s:46:8:46:Infinity":25,"s:47:8:47:Infinity":26,"f:51:22:51:30":6,"s:52:4:71:Infinity":27,"b:53:8:54:Infinity:undefined:undefined:undefined:undefined":2,"s:53:8:54:Infinity":28,"s:54:12:54:Infinity":29,"s:57:25:63:10":30,"s:66:21:66:42":31,"s:67:8:67:Infinity":32,"s:68:8:68:Infinity":33,"s:70:8:70:Infinity":34,"s:71:8:71:Infinity":35,"f:75:22:75:33":7,"s:76:4:83:Infinity":36,"s:77:19:77:52":37,"s:78:8:80:Infinity":38,"s:82:8:82:Infinity":39,"s:83:8:83:Infinity":40,"f:87:22:87:36":8,"s:88:19:92:4":41,"b:93:2:93:Infinity:undefined:undefined:undefined:undefined":3,"s:93:2:93:Infinity":42,"s:93:20:93:Infinity":43,"s:94:2:94:Infinity":44,"f:97:22:97:39":9,"s:98:19:102:4":45,"s:104:2:104:Infinity":46,"s:105:2:105:Infinity":47,"b:107:2:107:Infinity:undefined:undefined:undefined:undefined":4,"s:107:2:107:Infinity":48,"s:107:20:107:Infinity":49,"s:108:2:108:Infinity":50},"fnNames":{}}}
,"/home/guisilvadev/terceiro-sem/desenv-frontend/trabalho-frontend/src/services/api-usuarios.js": {"path":"/home/guisilvadev/terceiro-sem/desenv-frontend/trabalho-frontend/src/services/api-usuarios.js","statementMap":{"0":{"start":{"line":1,"column":17},"end":{"line":1,"column":null}},"1":{"start":{"line":4,"column":19},"end":{"line":5,"column":null}},"2":{"start":{"line":7,"column":2},"end":{"line":7,"column":null}},"3":{"start":{"line":7,"column":20},"end":{"line":7,"column":null}},"4":{"start":{"line":9,"column":19},"end":{"line":9,"column":40}},"5":{"start":{"line":11,"column":18},"end":{"line":11,"column":57}},"6":{"start":{"line":11,"column":39},"end":{"line":11,"column":57}},"7":{"start":{"line":12,"column":2},"end":{"line":12,"column":null}},"8":{"start":{"line":12,"column":16},"end":{"line":12,"column":null}},"9":{"start":{"line":14,"column":2},"end":{"line":14,"column":null}},"10":{"start":{"line":18,"column":19},"end":{"line":22,"column":4}},"11":{"start":{"line":23,"column":2},"end":{"line":23,"column":null}},"12":{"start":{"line":23,"column":20},"end":{"line":23,"column":null}},"13":{"start":{"line":24,"column":2},"end":{"line":24,"column":null}}},"fnMap":{"0":{"name":"autenticar","decl":{"start":{"line":3,"column":22},"end":{"line":3,"column":33}},"loc":{"start":{"line":3,"column":47},"end":{"line":14,"column":null}},"line":3},"1":{"name":"(anonymous_1)","decl":{"start":{"line":11,"column":27},"end":{"line":11,"column":33}},"loc":{"start":{"line":11,"column":39},"end":{"line":11,"column":57}},"line":11},"2":{"name":"cadastrarUsuario","decl":{"start":{"line":17,"column":22},"end":{"line":17,"column":39}},"loc":{"start":{"line":17,"column":46},"end":{"line":24,"column":null}},"line":17}},"branchMap":{"0":{"loc":{"start":{"line":7,"column":2},"end":{"line":7,"column":null}},"type":"if","locations":[{"start":{"line":7,"column":2},"end":{"line":7,"column":null}},{"start":{},"end":{}}],"line":7},"1":{"loc":{"start":{"line":12,"column":2},"end":{"line":12,"column":null}},"type":"if","locations":[{"start":{"line":12,"column":2},"end":{"line":12,"column":null}},{"start":{},"end":{}}],"line":12},"2":{"loc":{"start":{"line":23,"column":2},"end":{"line":23,"column":null}},"type":"if","locations":[{"start":{"line":23,"column":2},"end":{"line":23,"column":null}},{"start":{},"end":{}}],"line":23}},"s":{"0":1,"1":3,"2":3,"3":1,"4":2,"5":2,"6":1,"7":2,"8":1,"9":1,"10":2,"11":2,"12":1,"13":1},"f":{"0":3,"1":1,"2":2},"b":{"0":[1,2],"1":[1,1],"2":[1,1]},"meta":{"lastBranch":3,"lastFunction":3,"lastStatement":14,"seen":{"s:1:17:1:Infinity":0,"f:3:22:3:33":0,"s:4:19:5:Infinity":1,"b:7:2:7:Infinity:undefined:undefined:undefined:undefined":0,"s:7:2:7:Infinity":2,"s:7:20:7:Infinity":3,"s:9:19:9:40":4,"s:11:18:11:57":5,"f:11:27:11:33":1,"s:11:39:11:57":6,"b:12:2:12:Infinity:undefined:undefined:undefined:undefined":1,"s:12:2:12:Infinity":7,"s:12:16:12:Infinity":8,"s:14:2:14:Infinity":9,"f:17:22:17:39":2,"s:18:19:22:4":10,"b:23:2:23:Infinity:undefined:undefined:undefined:undefined":2,"s:23:2:23:Infinity":11,"s:23:20:23:Infinity":12,"s:24:2:24:Infinity":13},"fnNames":{}}}
}
